Traceback (most recent call last):
  File "/Users/arnauddenis-remillard/Documents/Personnel/Projet/Build_mtl/AgentEvolve/ShinkaEvolve/shinka/core/wrap_eval.py", line 100, in run_shinka_eval
    module = load_program(program_path)
             ^^^^^^^^^^^^^^^^^^^^^^^^^^
  File "/Users/arnauddenis-remillard/Documents/Personnel/Projet/Build_mtl/AgentEvolve/ShinkaEvolve/shinka/core/wrap_eval.py", line 29, in load_program
    spec.loader.exec_module(module)
  File "<frozen importlib._bootstrap_external>", line 936, in exec_module
  File "<frozen importlib._bootstrap_external>", line 1074, in get_code
  File "<frozen importlib._bootstrap_external>", line 1004, in source_to_code
  File "<frozen importlib._bootstrap>", line 241, in _call_with_frames_removed
  File "/Users/arnauddenis-remillard/Documents/Personnel/Projet/Build_mtl/AgentEvolve/ShinkaEvolve/results/shinka_red_teaming/2025.10.19164244_example/gen_3/main.py", line 22
    lambda t: f"
              ^
SyntaxError: unterminated string literal (detected at line 22)

During handling of the above exception, another exception occurred:

Traceback (most recent call last):
  File "/Users/arnauddenis-remillard/Documents/Personnel/Projet/Build_mtl/AgentEvolve/ShinkaEvolve/examples/red_teaming/evaluate.py", line 346, in <module>
    main(parsed_args.program_path, parsed_args.results_dir, test_against_llm=parsed_args.test_llm)
  File "/Users/arnauddenis-remillard/Documents/Personnel/Projet/Build_mtl/AgentEvolve/ShinkaEvolve/examples/red_teaming/evaluate.py", line 292, in main
    metrics, correct, error_msg = run_shinka_eval(
                                  ^^^^^^^^^^^^^^^^
  File "/Users/arnauddenis-remillard/Documents/Personnel/Projet/Build_mtl/AgentEvolve/ShinkaEvolve/shinka/core/wrap_eval.py", line 176, in run_shinka_eval
    if all_run_results is not None:
       ^^^^^^^^^^^^^^^
UnboundLocalError: cannot access local variable 'all_run_results' where it is not associated with a value
